===== RUN ALL START: Sun Dec  7 02:33:57 -05 2025 =====
▶ Ejecutando: Backup FULL ...
✔ OK: Backup FULL
▶ Ejecutando: Backup MAESTROS ...
✔ OK: Backup MAESTROS
▶ Ejecutando: Backup TRANSACCIONALES ...
✔ OK: Backup TRANSACCIONALES
▶ Ejecutando: Backup CLEAN_OLD ...
✔ OK: Backup CLEAN_OLD
✔ Todos los procesos terminaron correctamente.
▶ Subiendo cambios a GitHub...
✔ Push a GitHub completado.
===== RUN ALL END: Sun Dec  7 02:34:01 -05 2025 =====
===== RUN ALL START: Mon Dec  8 02:01:08 -05 2025 =====
▶ Ejecutando: Backup FULL ...
✔ OK: Backup FULL
▶ Ejecutando: Backup MAESTROS ...
✔ OK: Backup MAESTROS
▶ Ejecutando: Backup TRANSACCIONALES ...
✔ OK: Backup TRANSACCIONALES
▶ Ejecutando: Backup CLEAN_OLD ...
✔ OK: Backup CLEAN_OLD
✔ Todos los procesos terminaron correctamente.
▶ Subiendo cambios a GitHub...
✔ Push a GitHub completado.
===== RUN ALL END: Mon Dec  8 02:01:30 -05 2025 =====
===== RUN ALL START: Tue Dec  9 02:00:00 -05 2025 =====
▶ Ejecutando: Backup FULL ...
✔ OK: Backup FULL
▶ Ejecutando: Backup MAESTROS ...
✔ OK: Backup MAESTROS
▶ Ejecutando: Backup TRANSACCIONALES ...
✔ OK: Backup TRANSACCIONALES
▶ Ejecutando: Backup CLEAN_OLD ...
✔ OK: Backup CLEAN_OLD
✔ Todos los procesos terminaron correctamente.
▶ Subiendo cambios a GitHub...
