===== RUN ALL START: Sat Dec  6 23:54:00 -05 2025 =====
▶ Ejecutando: Backup FULL ...
/data/data/com.termux/files/home/analitica/scripts/backup_full.sh: line 9: /data/data/com.termux/files/home/analitica/backups/full/erp_full_2025-12-06.sql: No such file or directory
✔️ Backup FULL generado: /data/data/com.termux/files/home/analitica/backups/full/erp_full_2025-12-06.sql
✔ OK: Backup FULL
▶ Ejecutando: Backup MAESTROS ...
✔️ Backup de tablas maestras actualizado en /data/data/com.termux/files/home/analitica/backups/maestros
✔ OK: Backup MAESTROS
▶ Ejecutando: Backup TRANSACCIONALES ...
✔️ Backups transaccionales generados correctamente en:
/data/data/com.termux/files/home/analitica/backups/transacciones
✔ OK: Backup TRANSACCIONALES
▶ Ejecutando: Backup CLEAN_OLD ...
✔ OK: Backup CLEAN_OLD
✔ Todos los procesos terminaron correctamente.
▶ Subiendo cambios a GitHub...
[main 14845b3] Backup automático 2025-12-06 23:54:04
 2 files changed, 14 insertions(+), 1 deletion(-)
To https://github.com/jcyontonel/analitica_erp.git
   125a930..14845b3  main -> main
✔ Push a GitHub completado.
===== RUN ALL END: Sat Dec  6 23:54:05 -05 2025 =====
