===== RUN ALL START: Sun Dec  7 02:33:57 -05 2025 =====
▶ Ejecutando: Backup FULL ...
/data/data/com.termux/files/home/analitica/scripts/backup_full.sh: line 9: /data/data/com.termux/files/home/analitica/backups/full/erp_full_2025-12-07.sql: No such file or directory
✔️ Backup FULL generado: /data/data/com.termux/files/home/analitica/backups/full/erp_full_2025-12-07.sql
✔ OK: Backup FULL
▶ Ejecutando: Backup MAESTROS ...
✔️ Backup de tablas maestras actualizado en /data/data/com.termux/files/home/analitica/backups/maestros
✔ OK: Backup MAESTROS
▶ Ejecutando: Backup TRANSACCIONALES ...
✔️ Backups transaccionales generados correctamente en:
/data/data/com.termux/files/home/analitica/backups/transacciones
✔ OK: Backup TRANSACCIONALES
▶ Ejecutando: Backup CLEAN_OLD ...
✔ OK: Backup CLEAN_OLD
✔ Todos los procesos terminaron correctamente.
▶ Subiendo cambios a GitHub...
[main d6bd01c] Backup automático 2025-12-07 02:33:59
 2 files changed, 12 insertions(+), 1 deletion(-)
 create mode 100644 logs/cron_run_all.log
To https://github.com/jcyontonel/analitica_erp.git
   3855f49..d6bd01c  main -> main
✔ Push a GitHub completado.
===== RUN ALL END: Sun Dec  7 02:34:01 -05 2025 =====
